{"name": "User can open the Community page", "status": "broken", "statusDetails": {"message": "selenium.common.exceptions.NoSuchWindowException: Message: no such window: target window already closed\nfrom unknown error: web view not found\n  (Session info: chrome=130.0.6723.117)\nStacktrace:\n\tGetHandleVerifier [0x00007FF7525238A5+3004357]\n\t(No symbol) [0x00007FF7521B9970]\n\t(No symbol) [0x00007FF75206582A]\n\t(No symbol) [0x00007FF75203FA75]\n\t(No symbol) [0x00007FF7520E2C77]\n\t(No symbol) [0x00007FF7520FB351]\n\t(No symbol) [0x00007FF7520DB983]\n\t(No symbol) [0x00007FF7520A7628]\n\t(No symbol) [0x00007FF7520A8791]\n\tGetHandleVerifier [0x00007FF75254A00D+3161901]\n\tGetHandleVerifier [0x00007FF75259E060+3506048]\n\tGetHandleVerifier [0x00007FF75259400D+3465005]\n\tGetHandleVerifier [0x00007FF752310EEB+830987]\n\t(No symbol) [0x00007FF7521C467F]\n\t(No symbol) [0x00007FF7521C09D4]\n\t(No symbol) [0x00007FF7521C0B6D]\n\t(No symbol) [0x00007FF7521B0149]\n\tBaseThreadInitThunk [0x00007FFEC3DFE8D7+23]\n\tRtlUserThreadStart [0x00007FFEC43DFBCC+44]\n\n", "trace": "  File \"C:\\Users\\dchis\\Documents\\QA_outomation\\Internal_project\\internship-project\\venv\\Lib\\site-packages\\behave\\model.py\", line 1329, in run\n    match.run(runner.context)\n  File \"C:\\Users\\dchis\\Documents\\QA_outomation\\Internal_project\\internship-project\\venv\\Lib\\site-packages\\behave\\matchers.py\", line 98, in run\n    self.func(context, *args, **kwargs)\n  File \"features\\steps\\S_and_P.py\", line 13, in click_sign_in\n    context.app.main_page.click_sign_in(context)\n  File \"C:\\Users\\dchis\\Documents\\QA_outomation\\Internal_project\\internship-project\\pages\\main_page.py\", line 21, in click_sign_in\n    self.wait_until_clickable(*self.SIGN_IN)\n  File \"C:\\Users\\dchis\\Documents\\QA_outomation\\Internal_project\\internship-project\\pages\\base_page.py\", line 38, in wait_until_clickable\n    self.wait.until(\n  File \"C:\\Users\\dchis\\Documents\\QA_outomation\\Internal_project\\internship-project\\venv\\Lib\\site-packages\\selenium\\webdriver\\support\\wait.py\", line 96, in until\n    value = method(self._driver)\n            ^^^^^^^^^^^^^^^^^^^^\n  File \"C:\\Users\\dchis\\Documents\\QA_outomation\\Internal_project\\internship-project\\venv\\Lib\\site-packages\\selenium\\webdriver\\support\\expected_conditions.py\", line 363, in _predicate\n    target = driver.find_element(*target)  # grab element at locator\n             ^^^^^^^^^^^^^^^^^^^^^^^^^^^^\n  File \"C:\\Users\\dchis\\Documents\\QA_outomation\\Internal_project\\internship-project\\venv\\Lib\\site-packages\\selenium\\webdriver\\remote\\webdriver.py\", line 741, in find_element\n    return self.execute(Command.FIND_ELEMENT, {\"using\": by, \"value\": value})[\"value\"]\n           ^^^^^^^^^^^^^^^^^^^^^^^^^^^^^^^^^^^^^^^^^^^^^^^^^^^^^^^^^^^^^^^^^\n  File \"C:\\Users\\dchis\\Documents\\QA_outomation\\Internal_project\\internship-project\\venv\\Lib\\site-packages\\selenium\\webdriver\\remote\\webdriver.py\", line 347, in execute\n    self.error_handler.check_response(response)\n  File \"C:\\Users\\dchis\\Documents\\QA_outomation\\Internal_project\\internship-project\\venv\\Lib\\site-packages\\selenium\\webdriver\\remote\\errorhandler.py\", line 229, in check_response\n    raise exception_class(message, screen, stacktrace)\n"}, "steps": [{"name": "Given Open the main page", "status": "passed", "start": 1733428989981, "stop": 1733428992303}, {"name": "And Click Sign in", "status": "broken", "statusDetails": {"message": "selenium.common.exceptions.NoSuchWindowException: Message: no such window: target window already closed\nfrom unknown error: web view not found\n  (Session info: chrome=130.0.6723.117)\nStacktrace:\n\tGetHandleVerifier [0x00007FF7525238A5+3004357]\n\t(No symbol) [0x00007FF7521B9970]\n\t(No symbol) [0x00007FF75206582A]\n\t(No symbol) [0x00007FF75203FA75]\n\t(No symbol) [0x00007FF7520E2C77]\n\t(No symbol) [0x00007FF7520FB351]\n\t(No symbol) [0x00007FF7520DB983]\n\t(No symbol) [0x00007FF7520A7628]\n\t(No symbol) [0x00007FF7520A8791]\n\tGetHandleVerifier [0x00007FF75254A00D+3161901]\n\tGetHandleVerifier [0x00007FF75259E060+3506048]\n\tGetHandleVerifier [0x00007FF75259400D+3465005]\n\tGetHandleVerifier [0x00007FF752310EEB+830987]\n\t(No symbol) [0x00007FF7521C467F]\n\t(No symbol) [0x00007FF7521C09D4]\n\t(No symbol) [0x00007FF7521C0B6D]\n\t(No symbol) [0x00007FF7521B0149]\n\tBaseThreadInitThunk [0x00007FFEC3DFE8D7+23]\n\tRtlUserThreadStart [0x00007FFEC43DFBCC+44]\n\n", "trace": "  File \"C:\\Users\\dchis\\Documents\\QA_outomation\\Internal_project\\internship-project\\venv\\Lib\\site-packages\\behave\\model.py\", line 1329, in run\n    match.run(runner.context)\n  File \"C:\\Users\\dchis\\Documents\\QA_outomation\\Internal_project\\internship-project\\venv\\Lib\\site-packages\\behave\\matchers.py\", line 98, in run\n    self.func(context, *args, **kwargs)\n  File \"features\\steps\\S_and_P.py\", line 13, in click_sign_in\n    context.app.main_page.click_sign_in(context)\n  File \"C:\\Users\\dchis\\Documents\\QA_outomation\\Internal_project\\internship-project\\pages\\main_page.py\", line 21, in click_sign_in\n    self.wait_until_clickable(*self.SIGN_IN)\n  File \"C:\\Users\\dchis\\Documents\\QA_outomation\\Internal_project\\internship-project\\pages\\base_page.py\", line 38, in wait_until_clickable\n    self.wait.until(\n  File \"C:\\Users\\dchis\\Documents\\QA_outomation\\Internal_project\\internship-project\\venv\\Lib\\site-packages\\selenium\\webdriver\\support\\wait.py\", line 96, in until\n    value = method(self._driver)\n            ^^^^^^^^^^^^^^^^^^^^\n  File \"C:\\Users\\dchis\\Documents\\QA_outomation\\Internal_project\\internship-project\\venv\\Lib\\site-packages\\selenium\\webdriver\\support\\expected_conditions.py\", line 363, in _predicate\n    target = driver.find_element(*target)  # grab element at locator\n             ^^^^^^^^^^^^^^^^^^^^^^^^^^^^\n  File \"C:\\Users\\dchis\\Documents\\QA_outomation\\Internal_project\\internship-project\\venv\\Lib\\site-packages\\selenium\\webdriver\\remote\\webdriver.py\", line 741, in find_element\n    return self.execute(Command.FIND_ELEMENT, {\"using\": by, \"value\": value})[\"value\"]\n           ^^^^^^^^^^^^^^^^^^^^^^^^^^^^^^^^^^^^^^^^^^^^^^^^^^^^^^^^^^^^^^^^^\n  File \"C:\\Users\\dchis\\Documents\\QA_outomation\\Internal_project\\internship-project\\venv\\Lib\\site-packages\\selenium\\webdriver\\remote\\webdriver.py\", line 347, in execute\n    self.error_handler.check_response(response)\n  File \"C:\\Users\\dchis\\Documents\\QA_outomation\\Internal_project\\internship-project\\venv\\Lib\\site-packages\\selenium\\webdriver\\remote\\errorhandler.py\", line 229, in check_response\n    raise exception_class(message, screen, stacktrace)\n"}, "start": 1733428992303, "stop": 1733428992309}, {"name": "Then Input email and password", "status": "skipped", "start": 1733428992313, "stop": 1733428992313}, {"name": "And Click on Continue button", "status": "skipped", "start": 1733428992313, "stop": 1733428992313}, {"name": "And Click on Settings option", "status": "skipped", "start": 1733428992313, "stop": 1733428992313}, {"name": "When Click on Community option", "status": "skipped", "start": 1733428992313, "stop": 1733428992313}, {"name": "And Verify the right Community page open", "status": "skipped", "start": 1733428992313, "stop": 1733428992313}, {"name": "And Verify “Contact support” button is available and clickable", "status": "skipped", "start": 1733428992313, "stop": 1733428992313}], "start": 1733428988035, "stop": 1733428992313, "uuid": "b85f2ea2-78c1-4e87-bd1d-d73032ebca69", "historyId": "4a17559ade9144a9df9247ab7dea0b88", "fullName": "Settings test cases: User can open the Community page", "labels": [{"name": "severity", "value": "normal"}, {"name": "feature", "value": "Settings test cases"}, {"name": "framework", "value": "behave"}, {"name": "language", "value": "cpython3"}]}