{"name": "User can go to  edit to verify personal information", "status": "broken", "statusDetails": {"message": "selenium.common.exceptions.TimeoutException: Message: Element not clickable by ('css selector', 'div[wized=\"signinButtonSignup\"].sing-in-text')\nStacktrace:\n\tGetHandleVerifier [0x00007FF7525238A5+3004357]\n\t(No symbol) [0x00007FF7521B9970]\n\t(No symbol) [0x00007FF75206582A]\n\t(No symbol) [0x00007FF7520B5B8E]\n\t(No symbol) [0x00007FF7520B5E7C]\n\t(No symbol) [0x00007FF7520FEC27]\n\t(No symbol) [0x00007FF7520DBC1F]\n\t(No symbol) [0x00007FF7520FBA4C]\n\t(No symbol) [0x00007FF7520DB983]\n\t(No symbol) [0x00007FF7520A7628]\n\t(No symbol) [0x00007FF7520A8791]\n\tGetHandleVerifier [0x00007FF75254A00D+3161901]\n\tGetHandleVerifier [0x00007FF75259E060+3506048]\n\tGetHandleVerifier [0x00007FF75259400D+3465005]\n\tGetHandleVerifier [0x00007FF752310EEB+830987]\n\t(No symbol) [0x00007FF7521C467F]\n\t(No symbol) [0x00007FF7521C09D4]\n\t(No symbol) [0x00007FF7521C0B6D]\n\t(No symbol) [0x00007FF7521B0149]\n\tBaseThreadInitThunk [0x00007FFEC3DFE8D7+23]\n\tRtlUserThreadStart [0x00007FFEC43DFBCC+44]\n\n", "trace": "  File \"C:\\Users\\dchis\\Documents\\QA_outomation\\Internal_project\\internship-project\\venv\\Lib\\site-packages\\behave\\model.py\", line 1329, in run\n    match.run(runner.context)\n  File \"C:\\Users\\dchis\\Documents\\QA_outomation\\Internal_project\\internship-project\\venv\\Lib\\site-packages\\behave\\matchers.py\", line 98, in run\n    self.func(context, *args, **kwargs)\n  File \"features\\steps\\S_and_P.py\", line 13, in click_sign_in\n    context.app.main_page.click_sign_in(context)\n  File \"C:\\Users\\dchis\\Documents\\QA_outomation\\Internal_project\\internship-project\\pages\\main_page.py\", line 21, in click_sign_in\n    self.wait_until_clickable(*self.SIGN_IN)\n  File \"C:\\Users\\dchis\\Documents\\QA_outomation\\Internal_project\\internship-project\\pages\\base_page.py\", line 38, in wait_until_clickable\n    self.wait.until(\n  File \"C:\\Users\\dchis\\Documents\\QA_outomation\\Internal_project\\internship-project\\venv\\Lib\\site-packages\\selenium\\webdriver\\support\\wait.py\", line 105, in until\n    raise TimeoutException(message, screen, stacktrace)\n"}, "steps": [{"name": "Given Open the main page", "status": "passed", "start": 1733428716186, "stop": 1733428780040}, {"name": "And Click Sign in", "status": "broken", "statusDetails": {"message": "selenium.common.exceptions.TimeoutException: Message: Element not clickable by ('css selector', 'div[wized=\"signinButtonSignup\"].sing-in-text')\nStacktrace:\n\tGetHandleVerifier [0x00007FF7525238A5+3004357]\n\t(No symbol) [0x00007FF7521B9970]\n\t(No symbol) [0x00007FF75206582A]\n\t(No symbol) [0x00007FF7520B5B8E]\n\t(No symbol) [0x00007FF7520B5E7C]\n\t(No symbol) [0x00007FF7520FEC27]\n\t(No symbol) [0x00007FF7520DBC1F]\n\t(No symbol) [0x00007FF7520FBA4C]\n\t(No symbol) [0x00007FF7520DB983]\n\t(No symbol) [0x00007FF7520A7628]\n\t(No symbol) [0x00007FF7520A8791]\n\tGetHandleVerifier [0x00007FF75254A00D+3161901]\n\tGetHandleVerifier [0x00007FF75259E060+3506048]\n\tGetHandleVerifier [0x00007FF75259400D+3465005]\n\tGetHandleVerifier [0x00007FF752310EEB+830987]\n\t(No symbol) [0x00007FF7521C467F]\n\t(No symbol) [0x00007FF7521C09D4]\n\t(No symbol) [0x00007FF7521C0B6D]\n\t(No symbol) [0x00007FF7521B0149]\n\tBaseThreadInitThunk [0x00007FFEC3DFE8D7+23]\n\tRtlUserThreadStart [0x00007FFEC43DFBCC+44]\n\n", "trace": "  File \"C:\\Users\\dchis\\Documents\\QA_outomation\\Internal_project\\internship-project\\venv\\Lib\\site-packages\\behave\\model.py\", line 1329, in run\n    match.run(runner.context)\n  File \"C:\\Users\\dchis\\Documents\\QA_outomation\\Internal_project\\internship-project\\venv\\Lib\\site-packages\\behave\\matchers.py\", line 98, in run\n    self.func(context, *args, **kwargs)\n  File \"features\\steps\\S_and_P.py\", line 13, in click_sign_in\n    context.app.main_page.click_sign_in(context)\n  File \"C:\\Users\\dchis\\Documents\\QA_outomation\\Internal_project\\internship-project\\pages\\main_page.py\", line 21, in click_sign_in\n    self.wait_until_clickable(*self.SIGN_IN)\n  File \"C:\\Users\\dchis\\Documents\\QA_outomation\\Internal_project\\internship-project\\pages\\base_page.py\", line 38, in wait_until_clickable\n    self.wait.until(\n  File \"C:\\Users\\dchis\\Documents\\QA_outomation\\Internal_project\\internship-project\\venv\\Lib\\site-packages\\selenium\\webdriver\\support\\wait.py\", line 105, in until\n    raise TimeoutException(message, screen, stacktrace)\n"}, "start": 1733428780040, "stop": 1733428793164}, {"name": "Then Input email and password", "status": "skipped", "start": 1733428795720, "stop": 1733428795720}, {"name": "And Click on Continue button", "status": "skipped", "start": 1733428795720, "stop": 1733428795720}, {"name": "And Click on Settings option", "status": "skipped", "start": 1733428795720, "stop": 1733428795720}, {"name": "Then Click on the Edit profile option", "status": "skipped", "start": 1733428795720, "stop": 1733428795720}, {"name": "When Enter test data into the name field: Dany C", "status": "skipped", "start": 1733428795720, "stop": 1733428795720}, {"name": "Then Enter test data into the phone number field: 832 829 0101", "status": "skipped", "start": 1733428795720, "stop": 1733428795720}, {"name": "When Enter test data into the company field: test1", "status": "skipped", "start": 1733428795720, "stop": 1733428795720}, {"name": "Then Verify the right information is present in the name input field", "status": "skipped", "start": 1733428795720, "stop": 1733428795720}, {"name": "Then Verify the right information is present in the phone number input field", "status": "skipped", "start": 1733428795720, "stop": 1733428795720}, {"name": "Then Verify the right information is present in the company input field", "status": "skipped", "start": 1733428795720, "stop": 1733428795720}, {"name": "When Check “Save Changes” button is available and clickable", "status": "skipped", "start": 1733428795720, "stop": 1733428795720}, {"name": "When Check “Close” button is available and clickable", "status": "skipped", "start": 1733428795720, "stop": 1733428795720}], "start": 1733428708856, "stop": 1733428795720, "uuid": "d0a70439-67a4-4297-aa1e-239e2978dc23", "historyId": "9d40dd6d658f3490e382f6678f748508", "fullName": "Edit test cases: User can go to  edit to verify personal information", "labels": [{"name": "severity", "value": "normal"}, {"name": "feature", "value": "Edit test cases"}, {"name": "framework", "value": "behave"}, {"name": "language", "value": "cpython3"}]}